%MSG-i MF_INIT_OK:  Early 26-Apr-2021 12:48:56 CDT JobSetup
Messagelogger initialization complete.
%MSG
26-Apr-2021 12:48:59 CDT  Initiating request to open input file "/pnfs/GM2/daq/run3/offline/gm2_5207A/runs_34000/34735/gm2offline_final_15346510_34735.00309.root"
26-Apr-2021 12:48:59 CDT  Opened input file "/pnfs/GM2/daq/run3/offline/gm2_5207A/runs_34000/34735/gm2offline_final_15346510_34735.00309.root"
RootManager::SetFile : Using ROOT file ./TFileService-cc7a-4651-eca4-b435.root
RootManager::GetDir : Created ROOT dir ./TFileService-cc7a-4651-eca4-b435.root:/CaloBeamPosition
RootManager::GetDir : Created ROOT dir ./TFileService-cc7a-4651-eca4-b435.root:/CaloBeamPosition/PerCalo
Begin processing the 1st record. run: 34735 subRun: 309 event: 1 at 26-Apr-2021 12:49:02 CDT
Begin processing the 2nd record. run: 34735 subRun: 309 event: 2 at 26-Apr-2021 12:49:02 CDT
Begin processing the 3rd record. run: 34735 subRun: 309 event: 3 at 26-Apr-2021 12:49:02 CDT
Begin processing the 4th record. run: 34735 subRun: 309 event: 4 at 26-Apr-2021 12:49:02 CDT
Begin processing the 5th record. run: 34735 subRun: 309 event: 5 at 26-Apr-2021 12:49:02 CDT
Begin processing the 6th record. run: 34735 subRun: 309 event: 6 at 26-Apr-2021 12:49:02 CDT
Begin processing the 7th record. run: 34735 subRun: 309 event: 7 at 26-Apr-2021 12:49:02 CDT
Begin processing the 8th record. run: 34735 subRun: 309 event: 8 at 26-Apr-2021 12:49:02 CDT
Begin processing the 9th record. run: 34735 subRun: 309 event: 9 at 26-Apr-2021 12:49:02 CDT
Begin processing the 10th record. run: 34735 subRun: 309 event: 10 at 26-Apr-2021 12:49:02 CDT
Begin processing the 11th record. run: 34735 subRun: 309 event: 11 at 26-Apr-2021 12:49:02 CDT
Begin processing the 12th record. run: 34735 subRun: 309 event: 12 at 26-Apr-2021 12:49:02 CDT
Begin processing the 13th record. run: 34735 subRun: 309 event: 13 at 26-Apr-2021 12:49:02 CDT
Begin processing the 14th record. run: 34735 subRun: 309 event: 14 at 26-Apr-2021 12:49:02 CDT
Begin processing the 15th record. run: 34735 subRun: 309 event: 15 at 26-Apr-2021 12:49:02 CDT
Begin processing the 16th record. run: 34735 subRun: 309 event: 16 at 26-Apr-2021 12:49:02 CDT
Begin processing the 17th record. run: 34735 subRun: 309 event: 17 at 26-Apr-2021 12:49:02 CDT
Begin processing the 18th record. run: 34735 subRun: 309 event: 18 at 26-Apr-2021 12:49:02 CDT
Begin processing the 19th record. run: 34735 subRun: 309 event: 19 at 26-Apr-2021 12:49:02 CDT
Begin processing the 20th record. run: 34735 subRun: 309 event: 20 at 26-Apr-2021 12:49:02 CDT
Begin processing the 21st record. run: 34735 subRun: 309 event: 21 at 26-Apr-2021 12:49:02 CDT
Begin processing the 22nd record. run: 34735 subRun: 309 event: 22 at 26-Apr-2021 12:49:02 CDT
Begin processing the 23rd record. run: 34735 subRun: 309 event: 23 at 26-Apr-2021 12:49:02 CDT
Begin processing the 24th record. run: 34735 subRun: 309 event: 24 at 26-Apr-2021 12:49:02 CDT
Begin processing the 25th record. run: 34735 subRun: 309 event: 25 at 26-Apr-2021 12:49:02 CDT
Begin processing the 26th record. run: 34735 subRun: 309 event: 26 at 26-Apr-2021 12:49:02 CDT
Begin processing the 27th record. run: 34735 subRun: 309 event: 27 at 26-Apr-2021 12:49:02 CDT
Begin processing the 28th record. run: 34735 subRun: 309 event: 28 at 26-Apr-2021 12:49:02 CDT
Begin processing the 29th record. run: 34735 subRun: 309 event: 29 at 26-Apr-2021 12:49:02 CDT
Begin processing the 30th record. run: 34735 subRun: 309 event: 30 at 26-Apr-2021 12:49:02 CDT
Begin processing the 31st record. run: 34735 subRun: 309 event: 31 at 26-Apr-2021 12:49:02 CDT
Begin processing the 32nd record. run: 34735 subRun: 309 event: 32 at 26-Apr-2021 12:49:02 CDT
Begin processing the 33rd record. run: 34735 subRun: 309 event: 33 at 26-Apr-2021 12:49:02 CDT
Begin processing the 34th record. run: 34735 subRun: 309 event: 34 at 26-Apr-2021 12:49:02 CDT
Begin processing the 35th record. run: 34735 subRun: 309 event: 35 at 26-Apr-2021 12:49:02 CDT
Begin processing the 36th record. run: 34735 subRun: 309 event: 36 at 26-Apr-2021 12:49:02 CDT
Begin processing the 37th record. run: 34735 subRun: 309 event: 37 at 26-Apr-2021 12:49:02 CDT
Begin processing the 38th record. run: 34735 subRun: 309 event: 38 at 26-Apr-2021 12:49:02 CDT
Begin processing the 39th record. run: 34735 subRun: 309 event: 39 at 26-Apr-2021 12:49:02 CDT
Begin processing the 40th record. run: 34735 subRun: 309 event: 40 at 26-Apr-2021 12:49:02 CDT
Begin processing the 41st record. run: 34735 subRun: 309 event: 41 at 26-Apr-2021 12:49:02 CDT
Begin processing the 42nd record. run: 34735 subRun: 309 event: 42 at 26-Apr-2021 12:49:02 CDT
Begin processing the 43rd record. run: 34735 subRun: 309 event: 43 at 26-Apr-2021 12:49:02 CDT
Begin processing the 44th record. run: 34735 subRun: 309 event: 44 at 26-Apr-2021 12:49:02 CDT
Begin processing the 45th record. run: 34735 subRun: 309 event: 45 at 26-Apr-2021 12:49:02 CDT
Begin processing the 46th record. run: 34735 subRun: 309 event: 46 at 26-Apr-2021 12:49:02 CDT
Begin processing the 47th record. run: 34735 subRun: 309 event: 47 at 26-Apr-2021 12:49:02 CDT
Begin processing the 48th record. run: 34735 subRun: 309 event: 48 at 26-Apr-2021 12:49:02 CDT
Begin processing the 49th record. run: 34735 subRun: 309 event: 49 at 26-Apr-2021 12:49:02 CDT
Begin processing the 50th record. run: 34735 subRun: 309 event: 50 at 26-Apr-2021 12:49:02 CDT
Begin processing the 51st record. run: 34735 subRun: 309 event: 51 at 26-Apr-2021 12:49:02 CDT
Begin processing the 52nd record. run: 34735 subRun: 309 event: 52 at 26-Apr-2021 12:49:02 CDT
Begin processing the 53rd record. run: 34735 subRun: 309 event: 53 at 26-Apr-2021 12:49:02 CDT
Begin processing the 54th record. run: 34735 subRun: 309 event: 54 at 26-Apr-2021 12:49:02 CDT
Begin processing the 55th record. run: 34735 subRun: 309 event: 55 at 26-Apr-2021 12:49:02 CDT
Begin processing the 56th record. run: 34735 subRun: 309 event: 56 at 26-Apr-2021 12:49:02 CDT
Begin processing the 57th record. run: 34735 subRun: 309 event: 57 at 26-Apr-2021 12:49:02 CDT
Begin processing the 58th record. run: 34735 subRun: 309 event: 58 at 26-Apr-2021 12:49:02 CDT
Begin processing the 59th record. run: 34735 subRun: 309 event: 59 at 26-Apr-2021 12:49:02 CDT
Begin processing the 60th record. run: 34735 subRun: 309 event: 60 at 26-Apr-2021 12:49:02 CDT
Begin processing the 61st record. run: 34735 subRun: 309 event: 61 at 26-Apr-2021 12:49:02 CDT
Begin processing the 62nd record. run: 34735 subRun: 309 event: 62 at 26-Apr-2021 12:49:02 CDT
Begin processing the 63rd record. run: 34735 subRun: 309 event: 63 at 26-Apr-2021 12:49:02 CDT
Begin processing the 64th record. run: 34735 subRun: 309 event: 64 at 26-Apr-2021 12:49:02 CDT
Begin processing the 65th record. run: 34735 subRun: 309 event: 65 at 26-Apr-2021 12:49:02 CDT
Begin processing the 66th record. run: 34735 subRun: 309 event: 66 at 26-Apr-2021 12:49:02 CDT
Begin processing the 67th record. run: 34735 subRun: 309 event: 67 at 26-Apr-2021 12:49:02 CDT
Begin processing the 68th record. run: 34735 subRun: 309 event: 68 at 26-Apr-2021 12:49:02 CDT
Begin processing the 69th record. run: 34735 subRun: 309 event: 69 at 26-Apr-2021 12:49:02 CDT
Begin processing the 70th record. run: 34735 subRun: 309 event: 70 at 26-Apr-2021 12:49:02 CDT
Begin processing the 71st record. run: 34735 subRun: 309 event: 71 at 26-Apr-2021 12:49:02 CDT
Begin processing the 72nd record. run: 34735 subRun: 309 event: 72 at 26-Apr-2021 12:49:02 CDT
Begin processing the 73rd record. run: 34735 subRun: 309 event: 73 at 26-Apr-2021 12:49:02 CDT
Begin processing the 74th record. run: 34735 subRun: 309 event: 74 at 26-Apr-2021 12:49:02 CDT
Begin processing the 75th record. run: 34735 subRun: 309 event: 75 at 26-Apr-2021 12:49:02 CDT
Begin processing the 76th record. run: 34735 subRun: 309 event: 76 at 26-Apr-2021 12:49:02 CDT
Begin processing the 77th record. run: 34735 subRun: 309 event: 77 at 26-Apr-2021 12:49:02 CDT
Begin processing the 78th record. run: 34735 subRun: 309 event: 78 at 26-Apr-2021 12:49:02 CDT
Begin processing the 79th record. run: 34735 subRun: 309 event: 79 at 26-Apr-2021 12:49:02 CDT
Begin processing the 80th record. run: 34735 subRun: 309 event: 80 at 26-Apr-2021 12:49:02 CDT
Begin processing the 81st record. run: 34735 subRun: 309 event: 81 at 26-Apr-2021 12:49:02 CDT
Begin processing the 82nd record. run: 34735 subRun: 309 event: 82 at 26-Apr-2021 12:49:02 CDT
Begin processing the 83rd record. run: 34735 subRun: 309 event: 83 at 26-Apr-2021 12:49:02 CDT
Begin processing the 84th record. run: 34735 subRun: 309 event: 84 at 26-Apr-2021 12:49:02 CDT
Begin processing the 85th record. run: 34735 subRun: 309 event: 85 at 26-Apr-2021 12:49:02 CDT
Begin processing the 86th record. run: 34735 subRun: 309 event: 86 at 26-Apr-2021 12:49:02 CDT
Begin processing the 87th record. run: 34735 subRun: 309 event: 87 at 26-Apr-2021 12:49:02 CDT
Begin processing the 88th record. run: 34735 subRun: 309 event: 88 at 26-Apr-2021 12:49:02 CDT
Begin processing the 89th record. run: 34735 subRun: 309 event: 89 at 26-Apr-2021 12:49:02 CDT
Begin processing the 90th record. run: 34735 subRun: 309 event: 90 at 26-Apr-2021 12:49:02 CDT
Begin processing the 91st record. run: 34735 subRun: 309 event: 91 at 26-Apr-2021 12:49:02 CDT
Begin processing the 92nd record. run: 34735 subRun: 309 event: 92 at 26-Apr-2021 12:49:02 CDT
Begin processing the 93rd record. run: 34735 subRun: 309 event: 93 at 26-Apr-2021 12:49:02 CDT
Begin processing the 94th record. run: 34735 subRun: 309 event: 94 at 26-Apr-2021 12:49:02 CDT
Begin processing the 95th record. run: 34735 subRun: 309 event: 95 at 26-Apr-2021 12:49:02 CDT
Begin processing the 96th record. run: 34735 subRun: 309 event: 96 at 26-Apr-2021 12:49:02 CDT
Begin processing the 97th record. run: 34735 subRun: 309 event: 97 at 26-Apr-2021 12:49:02 CDT
Begin processing the 98th record. run: 34735 subRun: 309 event: 98 at 26-Apr-2021 12:49:02 CDT
Begin processing the 99th record. run: 34735 subRun: 309 event: 99 at 26-Apr-2021 12:49:02 CDT
Begin processing the 100th record. run: 34735 subRun: 309 event: 100 at 26-Apr-2021 12:49:02 CDT
Begin processing the 101st record. run: 34735 subRun: 309 event: 101 at 26-Apr-2021 12:49:02 CDT
Begin processing the 102nd record. run: 34735 subRun: 309 event: 102 at 26-Apr-2021 12:49:02 CDT
Begin processing the 103rd record. run: 34735 subRun: 309 event: 104 at 26-Apr-2021 12:49:02 CDT
Begin processing the 104th record. run: 34735 subRun: 309 event: 106 at 26-Apr-2021 12:49:02 CDT
Begin processing the 105th record. run: 34735 subRun: 309 event: 108 at 26-Apr-2021 12:49:02 CDT
Begin processing the 106th record. run: 34735 subRun: 309 event: 110 at 26-Apr-2021 12:49:02 CDT
Begin processing the 107th record. run: 34735 subRun: 309 event: 112 at 26-Apr-2021 12:49:02 CDT
Begin processing the 108th record. run: 34735 subRun: 309 event: 114 at 26-Apr-2021 12:49:02 CDT
Begin processing the 109th record. run: 34735 subRun: 309 event: 116 at 26-Apr-2021 12:49:02 CDT
Begin processing the 110th record. run: 34735 subRun: 309 event: 118 at 26-Apr-2021 12:49:02 CDT
Begin processing the 111th record. run: 34735 subRun: 309 event: 120 at 26-Apr-2021 12:49:02 CDT
Begin processing the 112th record. run: 34735 subRun: 309 event: 122 at 26-Apr-2021 12:49:02 CDT
Begin processing the 113th record. run: 34735 subRun: 309 event: 124 at 26-Apr-2021 12:49:02 CDT
Begin processing the 114th record. run: 34735 subRun: 309 event: 126 at 26-Apr-2021 12:49:02 CDT
Begin processing the 115th record. run: 34735 subRun: 309 event: 128 at 26-Apr-2021 12:49:02 CDT
Begin processing the 116th record. run: 34735 subRun: 309 event: 132 at 26-Apr-2021 12:49:02 CDT
Begin processing the 117th record. run: 34735 subRun: 309 event: 134 at 26-Apr-2021 12:49:02 CDT
Begin processing the 118th record. run: 34735 subRun: 309 event: 136 at 26-Apr-2021 12:49:02 CDT
Begin processing the 119th record. run: 34735 subRun: 309 event: 137 at 26-Apr-2021 12:49:02 CDT
Begin processing the 120th record. run: 34735 subRun: 309 event: 138 at 26-Apr-2021 12:49:02 CDT
Begin processing the 121st record. run: 34735 subRun: 309 event: 140 at 26-Apr-2021 12:49:02 CDT
Begin processing the 122nd record. run: 34735 subRun: 309 event: 142 at 26-Apr-2021 12:49:02 CDT
Begin processing the 123rd record. run: 34735 subRun: 309 event: 144 at 26-Apr-2021 12:49:02 CDT
Begin processing the 124th record. run: 34735 subRun: 309 event: 146 at 26-Apr-2021 12:49:02 CDT
Begin processing the 125th record. run: 34735 subRun: 309 event: 148 at 26-Apr-2021 12:49:02 CDT
Begin processing the 126th record. run: 34735 subRun: 309 event: 150 at 26-Apr-2021 12:49:02 CDT
Begin processing the 127th record. run: 34735 subRun: 309 event: 152 at 26-Apr-2021 12:49:02 CDT
Begin processing the 128th record. run: 34735 subRun: 309 event: 154 at 26-Apr-2021 12:49:02 CDT
Begin processing the 129th record. run: 34735 subRun: 309 event: 156 at 26-Apr-2021 12:49:02 CDT
Begin processing the 130th record. run: 34735 subRun: 309 event: 158 at 26-Apr-2021 12:49:02 CDT
Begin processing the 131st record. run: 34735 subRun: 309 event: 160 at 26-Apr-2021 12:49:02 CDT
Begin processing the 132nd record. run: 34735 subRun: 309 event: 162 at 26-Apr-2021 12:49:02 CDT
Begin processing the 133rd record. run: 34735 subRun: 309 event: 164 at 26-Apr-2021 12:49:02 CDT
Begin processing the 134th record. run: 34735 subRun: 309 event: 166 at 26-Apr-2021 12:49:02 CDT
Begin processing the 135th record. run: 34735 subRun: 309 event: 168 at 26-Apr-2021 12:49:02 CDT
Begin processing the 136th record. run: 34735 subRun: 309 event: 170 at 26-Apr-2021 12:49:02 CDT
Begin processing the 137th record. run: 34735 subRun: 309 event: 171 at 26-Apr-2021 12:49:02 CDT
Begin processing the 138th record. run: 34735 subRun: 309 event: 172 at 26-Apr-2021 12:49:02 CDT
Begin processing the 139th record. run: 34735 subRun: 309 event: 173 at 26-Apr-2021 12:49:02 CDT
Begin processing the 140th record. run: 34735 subRun: 309 event: 174 at 26-Apr-2021 12:49:02 CDT
Begin processing the 141st record. run: 34735 subRun: 309 event: 175 at 26-Apr-2021 12:49:02 CDT
Begin processing the 142nd record. run: 34735 subRun: 309 event: 176 at 26-Apr-2021 12:49:02 CDT
Begin processing the 143rd record. run: 34735 subRun: 309 event: 177 at 26-Apr-2021 12:49:02 CDT
Begin processing the 144th record. run: 34735 subRun: 309 event: 178 at 26-Apr-2021 12:49:02 CDT
Begin processing the 145th record. run: 34735 subRun: 309 event: 179 at 26-Apr-2021 12:49:02 CDT
Begin processing the 146th record. run: 34735 subRun: 309 event: 180 at 26-Apr-2021 12:49:02 CDT
Begin processing the 147th record. run: 34735 subRun: 309 event: 181 at 26-Apr-2021 12:49:02 CDT
Begin processing the 148th record. run: 34735 subRun: 309 event: 182 at 26-Apr-2021 12:49:02 CDT
Begin processing the 149th record. run: 34735 subRun: 309 event: 183 at 26-Apr-2021 12:49:02 CDT
Begin processing the 150th record. run: 34735 subRun: 309 event: 184 at 26-Apr-2021 12:49:02 CDT
Begin processing the 151st record. run: 34735 subRun: 309 event: 185 at 26-Apr-2021 12:49:02 CDT
Begin processing the 152nd record. run: 34735 subRun: 309 event: 186 at 26-Apr-2021 12:49:02 CDT
Begin processing the 153rd record. run: 34735 subRun: 309 event: 187 at 26-Apr-2021 12:49:02 CDT
Begin processing the 154th record. run: 34735 subRun: 309 event: 188 at 26-Apr-2021 12:49:02 CDT
Begin processing the 155th record. run: 34735 subRun: 309 event: 189 at 26-Apr-2021 12:49:02 CDT
Begin processing the 156th record. run: 34735 subRun: 309 event: 190 at 26-Apr-2021 12:49:02 CDT
Begin processing the 157th record. run: 34735 subRun: 309 event: 191 at 26-Apr-2021 12:49:02 CDT
Begin processing the 158th record. run: 34735 subRun: 309 event: 192 at 26-Apr-2021 12:49:02 CDT
Begin processing the 159th record. run: 34735 subRun: 309 event: 193 at 26-Apr-2021 12:49:02 CDT
Begin processing the 160th record. run: 34735 subRun: 309 event: 194 at 26-Apr-2021 12:49:03 CDT
Begin processing the 161st record. run: 34735 subRun: 309 event: 195 at 26-Apr-2021 12:49:03 CDT
Begin processing the 162nd record. run: 34735 subRun: 309 event: 196 at 26-Apr-2021 12:49:03 CDT
Begin processing the 163rd record. run: 34735 subRun: 309 event: 197 at 26-Apr-2021 12:49:03 CDT
Begin processing the 164th record. run: 34735 subRun: 309 event: 198 at 26-Apr-2021 12:49:03 CDT
Begin processing the 165th record. run: 34735 subRun: 309 event: 199 at 26-Apr-2021 12:49:03 CDT
Begin processing the 166th record. run: 34735 subRun: 309 event: 200 at 26-Apr-2021 12:49:03 CDT
Begin processing the 167th record. run: 34735 subRun: 309 event: 201 at 26-Apr-2021 12:49:03 CDT
Begin processing the 168th record. run: 34735 subRun: 309 event: 202 at 26-Apr-2021 12:49:03 CDT
Begin processing the 169th record. run: 34735 subRun: 309 event: 203 at 26-Apr-2021 12:49:03 CDT
Begin processing the 170th record. run: 34735 subRun: 309 event: 204 at 26-Apr-2021 12:49:03 CDT
Begin processing the 171st record. run: 34735 subRun: 309 event: 205 at 26-Apr-2021 12:49:03 CDT
Begin processing the 172nd record. run: 34735 subRun: 309 event: 206 at 26-Apr-2021 12:49:03 CDT
Begin processing the 173rd record. run: 34735 subRun: 309 event: 207 at 26-Apr-2021 12:49:03 CDT
Begin processing the 174th record. run: 34735 subRun: 309 event: 208 at 26-Apr-2021 12:49:03 CDT
Begin processing the 175th record. run: 34735 subRun: 309 event: 209 at 26-Apr-2021 12:49:03 CDT
Begin processing the 176th record. run: 34735 subRun: 309 event: 210 at 26-Apr-2021 12:49:03 CDT
Begin processing the 177th record. run: 34735 subRun: 309 event: 211 at 26-Apr-2021 12:49:03 CDT
Begin processing the 178th record. run: 34735 subRun: 309 event: 212 at 26-Apr-2021 12:49:03 CDT
Begin processing the 179th record. run: 34735 subRun: 309 event: 213 at 26-Apr-2021 12:49:03 CDT
Begin processing the 180th record. run: 34735 subRun: 309 event: 214 at 26-Apr-2021 12:49:03 CDT
Begin processing the 181st record. run: 34735 subRun: 309 event: 215 at 26-Apr-2021 12:49:03 CDT
Begin processing the 182nd record. run: 34735 subRun: 309 event: 216 at 26-Apr-2021 12:49:03 CDT
Begin processing the 183rd record. run: 34735 subRun: 309 event: 217 at 26-Apr-2021 12:49:03 CDT
Begin processing the 184th record. run: 34735 subRun: 309 event: 218 at 26-Apr-2021 12:49:03 CDT
Begin processing the 185th record. run: 34735 subRun: 309 event: 219 at 26-Apr-2021 12:49:03 CDT
Begin processing the 186th record. run: 34735 subRun: 309 event: 220 at 26-Apr-2021 12:49:03 CDT
Begin processing the 187th record. run: 34735 subRun: 309 event: 221 at 26-Apr-2021 12:49:03 CDT
Begin processing the 188th record. run: 34735 subRun: 309 event: 222 at 26-Apr-2021 12:49:03 CDT
Begin processing the 189th record. run: 34735 subRun: 309 event: 223 at 26-Apr-2021 12:49:03 CDT
Begin processing the 190th record. run: 34735 subRun: 309 event: 224 at 26-Apr-2021 12:49:03 CDT
Begin processing the 191st record. run: 34735 subRun: 309 event: 225 at 26-Apr-2021 12:49:03 CDT
Begin processing the 192nd record. run: 34735 subRun: 309 event: 226 at 26-Apr-2021 12:49:03 CDT
Begin processing the 193rd record. run: 34735 subRun: 309 event: 227 at 26-Apr-2021 12:49:03 CDT
Begin processing the 194th record. run: 34735 subRun: 309 event: 228 at 26-Apr-2021 12:49:03 CDT
Begin processing the 195th record. run: 34735 subRun: 309 event: 229 at 26-Apr-2021 12:49:03 CDT
Begin processing the 196th record. run: 34735 subRun: 309 event: 230 at 26-Apr-2021 12:49:03 CDT
Begin processing the 197th record. run: 34735 subRun: 309 event: 231 at 26-Apr-2021 12:49:03 CDT
Begin processing the 198th record. run: 34735 subRun: 309 event: 232 at 26-Apr-2021 12:49:03 CDT
Begin processing the 199th record. run: 34735 subRun: 309 event: 233 at 26-Apr-2021 12:49:03 CDT
Begin processing the 200th record. run: 34735 subRun: 309 event: 234 at 26-Apr-2021 12:49:03 CDT
Begin processing the 201st record. run: 34735 subRun: 309 event: 235 at 26-Apr-2021 12:49:03 CDT
Begin processing the 202nd record. run: 34735 subRun: 309 event: 236 at 26-Apr-2021 12:49:03 CDT
Begin processing the 203rd record. run: 34735 subRun: 309 event: 237 at 26-Apr-2021 12:49:03 CDT
Begin processing the 204th record. run: 34735 subRun: 309 event: 238 at 26-Apr-2021 12:49:03 CDT
Begin processing the 205th record. run: 34735 subRun: 309 event: 239 at 26-Apr-2021 12:49:03 CDT
Begin processing the 206th record. run: 34735 subRun: 309 event: 240 at 26-Apr-2021 12:49:03 CDT
Begin processing the 207th record. run: 34735 subRun: 309 event: 241 at 26-Apr-2021 12:49:03 CDT
Begin processing the 208th record. run: 34735 subRun: 309 event: 242 at 26-Apr-2021 12:49:03 CDT
Begin processing the 209th record. run: 34735 subRun: 309 event: 243 at 26-Apr-2021 12:49:03 CDT
Begin processing the 210th record. run: 34735 subRun: 309 event: 244 at 26-Apr-2021 12:49:03 CDT
Begin processing the 211th record. run: 34735 subRun: 309 event: 245 at 26-Apr-2021 12:49:03 CDT
Begin processing the 212th record. run: 34735 subRun: 309 event: 246 at 26-Apr-2021 12:49:03 CDT
Begin processing the 213th record. run: 34735 subRun: 309 event: 247 at 26-Apr-2021 12:49:03 CDT
Begin processing the 214th record. run: 34735 subRun: 309 event: 248 at 26-Apr-2021 12:49:03 CDT
Begin processing the 215th record. run: 34735 subRun: 309 event: 249 at 26-Apr-2021 12:49:03 CDT
Begin processing the 216th record. run: 34735 subRun: 309 event: 250 at 26-Apr-2021 12:49:03 CDT
Begin processing the 217th record. run: 34735 subRun: 309 event: 251 at 26-Apr-2021 12:49:03 CDT
26-Apr-2021 12:49:03 CDT  Closed input file "/pnfs/GM2/daq/run3/offline/gm2_5207A/runs_34000/34735/gm2offline_final_15346510_34735.00309.root"

TrigReport ---------- Event  Summary ------------
TrigReport Events total = 217 passed = 217 failed = 0

TrigReport ------ Modules in End-Path: end_path ------------
TrigReport  Trig Bit#        Run    Success      Error Name
TrigReport     0    0         70         70          0 caloBeamPositionPlots

TimeReport ---------- Time  Summary ---[sec]----
TimeReport CPU = 1.975797 Real = 1.979992

MemReport  ---------- Memory  Summary ---[base-10 MB]----
MemReport  VmPeak = 1382.91 VmHWM = 748.384

